f:\class\data com\photonglfwmotiondemo_newphoton_vc17\hellophoton\debug\vc141.pdb
f:\class\data com\photonglfwmotiondemo_newphoton_vc17\hellophoton\debug\vc141.idb
f:\class\data com\photonglfwmotiondemo_newphoton_vc17\hellophoton\debug\sprite.obj
f:\class\data com\photonglfwmotiondemo_newphoton_vc17\hellophoton\debug\main.obj
f:\class\data com\photonglfwmotiondemo_newphoton_vc17\hellophoton\debug\myphoton.obj
f:\class\data com\photonglfwmotiondemo_newphoton_vc17\hellophoton\debug\gameobject.obj
f:\class\data com\photonglfwmotiondemo_newphoton_vc17\hellophoton\debug\application.obj
d:\kdu\[dated] 2020-9\data comm & networking\base photon2 vc19\hellophoton\debug\vc142.pdb
d:\kdu\[dated] 2020-9\data comm & networking\base photon2 vc19\hellophoton\debug\vc142.idb
d:\kdu\[dated] 2020-9\data comm & networking\base photon2 vc19\hellophoton\debug\sprite.obj
d:\kdu\[dated] 2020-9\data comm & networking\base photon2 vc19\hellophoton\debug\main.obj
d:\kdu\[dated] 2020-9\data comm & networking\base photon2 vc19\hellophoton\debug\myphoton.obj
d:\kdu\[dated] 2020-9\data comm & networking\base photon2 vc19\hellophoton\debug\gameobject.obj
d:\kdu\[dated] 2020-9\data comm & networking\base photon2 vc19\hellophoton\debug\application.obj
f:\class\data com\photonglfwmotiondemo_newphoton_vc17\debug\hellophoton.ilk
f:\class\data com\photonglfwmotiondemo_newphoton_vc17\debug\hellophoton.exe
f:\class\data com\photonglfwmotiondemo_newphoton_vc17\debug\hellophoton.pdb
d:\kdu\[dated] 2020-9\data comm & networking\base photon2 vc19\hellophoton\debug\vc141.idb
d:\kdu\[dated] 2020-9\data comm & networking\base photon2 vc19\hellophoton\debug\vc141.pdb
d:\kdu\[dated] 2020-9\data comm & networking\base photon2 vc19\debug\hellophoton.pdb
d:\kdu\[dated] 2020-9\data comm & networking\base photon2 vc19\debug\hellophoton.ilk
d:\kdu\[dated] 2020-9\data comm & networking\base photon2 vc19\hellophoton\debug\hellophoton.tlog\cl.command.1.tlog
d:\kdu\[dated] 2020-9\data comm & networking\base photon2 vc19\hellophoton\debug\hellophoton.tlog\cl.read.1.tlog
d:\kdu\[dated] 2020-9\data comm & networking\base photon2 vc19\hellophoton\debug\hellophoton.tlog\cl.write.1.tlog
d:\kdu\[dated] 2020-9\data comm & networking\base photon2 vc19\hellophoton\debug\hellophoton.tlog\link.command.1.tlog
d:\kdu\[dated] 2020-9\data comm & networking\base photon2 vc19\hellophoton\debug\hellophoton.tlog\link.read.1.tlog
d:\kdu\[dated] 2020-9\data comm & networking\base photon2 vc19\hellophoton\debug\hellophoton.tlog\link.write.1.tlog
